<?xml version="1.0" encoding="UTF-8"?>
<testsuite xmlns:xsi="http://www.w3.org/2001/XMLSchema-instance" xsi:noNamespaceSchemaLocation="https://maven.apache.org/surefire/maven-surefire-plugin/xsd/surefire-test-report-3.0.xsd" version="3.0" name="org.example.ShippingCostTest" time="0.052" tests="5" errors="0" skipped="0" failures="0">
  <properties>
    <property name="java.specification.version" value="17"/>
    <property name="sun.cpu.isalist" value="amd64"/>
    <property name="sun.jnu.encoding" value="Cp1252"/>
    <property name="java.class.path" value="C:\Users\Saud Khan\Desktop\LABFINALQ1\LABFINALQ1\target\test-classes;C:\Users\Saud Khan\Desktop\LABFINALQ1\LABFINALQ1\target\classes;C:\Users\Saud Khan\.m2\repository\org\junit\jupiter\junit-jupiter-api\5.6.0\junit-jupiter-api-5.6.0.jar;C:\Users\Saud Khan\.m2\repository\org\apiguardian\apiguardian-api\1.1.0\apiguardian-api-1.1.0.jar;C:\Users\Saud Khan\.m2\repository\org\opentest4j\opentest4j\1.2.0\opentest4j-1.2.0.jar;C:\Users\Saud Khan\.m2\repository\org\junit\platform\junit-platform-commons\1.6.0\junit-platform-commons-1.6.0.jar;C:\Users\Saud Khan\.m2\repository\org\junit\jupiter\junit-jupiter-engine\5.6.0\junit-jupiter-engine-5.6.0.jar;C:\Users\Saud Khan\.m2\repository\org\junit\platform\junit-platform-engine\1.6.0\junit-platform-engine-1.6.0.jar;C:\Users\Saud Khan\.m2\repository\org\junit\jupiter\junit-jupiter-params\5.6.0\junit-jupiter-params-5.6.0.jar;"/>
    <property name="java.vm.vendor" value="Oracle Corporation"/>
    <property name="sun.arch.data.model" value="64"/>
    <property name="user.variant" value=""/>
    <property name="java.vendor.url" value="https://java.oracle.com/"/>
    <property name="user.timezone" value="Asia/Karachi"/>
    <property name="os.name" value="Windows 11"/>
    <property name="java.vm.specification.version" value="17"/>
    <property name="user.country" value="US"/>
    <property name="sun.java.launcher" value="SUN_STANDARD"/>
    <property name="sun.boot.library.path" value="C:\Program Files\Java\jdk-17\bin"/>
    <property name="sun.java.command" value="C:\Users\Saud Khan\AppData\Local\Temp\surefire14378348278609394682\surefirebooter3771045887568897083.jar C:\Users\Saud Khan\AppData\Local\Temp\surefire14378348278609394682 2024-07-05T10-08-05_035-jvmRun1 surefire16004630896398300350tmp surefire_09005652810906718515tmp"/>
    <property name="jdk.debug" value="release"/>
    <property name="test" value="org.example.ShippingCostTest"/>
    <property name="surefire.test.class.path" value="C:\Users\Saud Khan\Desktop\LABFINALQ1\LABFINALQ1\target\test-classes;C:\Users\Saud Khan\Desktop\LABFINALQ1\LABFINALQ1\target\classes;C:\Users\Saud Khan\.m2\repository\org\junit\jupiter\junit-jupiter-api\5.6.0\junit-jupiter-api-5.6.0.jar;C:\Users\Saud Khan\.m2\repository\org\apiguardian\apiguardian-api\1.1.0\apiguardian-api-1.1.0.jar;C:\Users\Saud Khan\.m2\repository\org\opentest4j\opentest4j\1.2.0\opentest4j-1.2.0.jar;C:\Users\Saud Khan\.m2\repository\org\junit\platform\junit-platform-commons\1.6.0\junit-platform-commons-1.6.0.jar;C:\Users\Saud Khan\.m2\repository\org\junit\jupiter\junit-jupiter-engine\5.6.0\junit-jupiter-engine-5.6.0.jar;C:\Users\Saud Khan\.m2\repository\org\junit\platform\junit-platform-engine\1.6.0\junit-platform-engine-1.6.0.jar;C:\Users\Saud Khan\.m2\repository\org\junit\jupiter\junit-jupiter-params\5.6.0\junit-jupiter-params-5.6.0.jar;"/>
    <property name="sun.cpu.endian" value="little"/>
    <property name="user.home" value="C:\Users\Saud Khan"/>
    <property name="user.language" value="en"/>
    <property name="java.specification.vendor" value="Oracle Corporation"/>
    <property name="java.version.date" value="2023-07-18"/>
    <property name="java.home" value="C:\Program Files\Java\jdk-17"/>
    <property name="file.separator" value="\"/>
    <property name="basedir" value="C:\Users\Saud Khan\Desktop\LABFINALQ1\LABFINALQ1"/>
    <property name="java.vm.compressedOopsMode" value="Zero based"/>
    <property name="line.separator" value="&#10;"/>
    <property name="java.vm.specification.vendor" value="Oracle Corporation"/>
    <property name="java.specification.name" value="Java Platform API Specification"/>
    <property name="surefire.real.class.path" value="C:\Users\Saud Khan\AppData\Local\Temp\surefire14378348278609394682\surefirebooter3771045887568897083.jar"/>
    <property name="user.script" value=""/>
    <property name="sun.management.compiler" value="HotSpot 64-Bit Tiered Compilers"/>
    <property name="java.runtime.version" value="17.0.8+9-LTS-211"/>
    <property name="user.name" value="Saud Khan"/>
    <property name="path.separator" value=";"/>
    <property name="os.version" value="10.0"/>
    <property name="java.runtime.name" value="Java(TM) SE Runtime Environment"/>
    <property name="file.encoding" value="UTF-8"/>
    <property name="java.vm.name" value="Java HotSpot(TM) 64-Bit Server VM"/>
    <property name="maven.ext.class.path" value="C:\Program Files\NetBeans-12.5\netbeans\java\maven-nblib\netbeans-eventspy.jar"/>
    <property name="localRepository" value="C:\Users\Saud Khan\.m2\repository"/>
    <property name="java.vendor.url.bug" value="https://bugreport.java.com/bugreport/"/>
    <property name="java.io.tmpdir" value="C:\Users\SAUDKH~1\AppData\Local\Temp\"/>
    <property name="java.version" value="17.0.8"/>
    <property name="user.dir" value="C:\Users\Saud Khan\Desktop\LABFINALQ1\LABFINALQ1"/>
    <property name="os.arch" value="amd64"/>
    <property name="java.vm.specification.name" value="Java Virtual Machine Specification"/>
    <property name="sun.os.patch.level" value=""/>
    <property name="native.encoding" value="Cp1252"/>
    <property name="java.library.path" value="C:\Program Files\Java\jdk-17\bin;C:\WINDOWS\Sun\Java\bin;C:\WINDOWS\system32;C:\WINDOWS;C:\Program Files (x86)\Common Files\Intel\Shared Libraries\redist\intel64\compiler;C:\Program Files\Common Files\Oracle\Java\javapath;C:\WINDOWS\system32;C:\WINDOWS;C:\WINDOWS\System32\Wbem;C:\WINDOWS\System32\WindowsPowerShell\v1.0\;C:\WINDOWS\System32\OpenSSH\;C:\Program Files\nodejs\;C:\Program Files (x86)\NVIDIA Corporation\PhysX\Common;C:\Program Files\Git\cmd;C:\Program Files\Git LFS;C:\Program Files\Kubernetes\Minikube;C:\ProgramData\chocolatey\bin;C:\Program Files\Docker\Docker\resources\bin;C:\Program Files\Apache\maven\bin;C:\Program Files\Apache\maven\bin;C:\Program Files\dotnet\;C:\Users\Saud Khan\AppData\Local\Microsoft\WindowsApps;C:\Users\Saud Khan\AppData\Local\Programs\Microsoft VS Code\bin;C:\Users\Saud Khan\AppData\Roaming\npm;C:\Program Files\Git\bin;C:\Program Files\Apache\maven\bin;C:\Program Files\Apache\maven\bin;C:\Users\Saud Khan\.dotnet\tools;."/>
    <property name="java.vm.info" value="mixed mode, sharing"/>
    <property name="java.vendor" value="Oracle Corporation"/>
    <property name="java.vm.version" value="17.0.8+9-LTS-211"/>
    <property name="sun.io.unicode.encoding" value="UnicodeLittle"/>
    <property name="java.class.version" value="61.0"/>
  </properties>
  <testcase name="testMediumWeightMediumDist" classname="org.example.ShippingCostTest" time="0.031">
    <system-out><![CDATA[Test: Medium weight (15.0 kg) and medium distance (100.0 km)
Expected: $30.00, Actual: $30.00
]]></system-out>
  </testcase>
  <testcase name="testHighWeightLongDist" classname="org.example.ShippingCostTest" time="0.001">
    <system-out><![CDATA[Test: High weight (25.0 kg) and long distance (250.0 km)
Expected: $60.00, Actual: $60.00
]]></system-out>
  </testcase>
  <testcase name="testBoundaryWeightLow" classname="org.example.ShippingCostTest" time="0.001">
    <system-out><![CDATA[Test: Boundary weight (5.0 kg) and short distance (30.0 km)
Expected: $10.00, Actual: $10.00
]]></system-out>
  </testcase>
  <testcase name="testLowWeightShortDist" classname="org.example.ShippingCostTest" time="0.001">
    <system-out><![CDATA[Test: Low weight (3.0 kg) and short distance (30.0 km)
Expected: $10.00, Actual: $10.00
]]></system-out>
  </testcase>
  <testcase name="testBoundaryDistanceHigh" classname="org.example.ShippingCostTest" time="0.001">
    <system-out><![CDATA[Test: High weight (20.0 kg) and boundary distance (200.0 km)
Expected: $30.00, Actual: $30.00
]]></system-out>
  </testcase>
</testsuite>